Checking conflict for: Date=2025-03-10, Time=07:00:00
Conflicts Found: [{"ride_id":99,"ride_date":"2025-03-10","ride_time":"08:00","pickup":"apu","dropoff":"lrt_bukit_jalil"},{"ride_id":103,"ride_date":"2025-03-10","ride_time":"08:10","pickup":"lrt_bukit_jalil","dropoff":"apu"},{"ride_id":104,"ride_date":"2025-03-10","ride_time":"07:00","pickup":"apu","dropoff":"lrt_bukit_jalil"}]
Checking conflict for: Date=2025-03-10, Time=08:00:00
Conflicts Found: [{"ride_id":99,"ride_date":"2025-03-10","ride_time":"08:00","pickup":"apu","dropoff":"lrt_bukit_jalil"}]
Checking conflict for: Date=2025-03-10, Time=08:25:00
Conflicts Found: [{"ride_id":99,"ride_date":"2025-03-10","ride_time":"08:00","pickup":"apu","dropoff":"pav_bukit_jalil"}]
Checking conflict for: Date=2025-03-10, Time=08:40:00
Conflicts Found: [{"ride_id":99,"ride_date":"2025-03-10","ride_time":"08:25","pickup":"sri_petaling","dropoff":"lrt_bukit_jalil"}]
Checking conflict for: Date=2025-03-10, Time=08:15:00
Conflicts Found: [{"ride_id":99,"ride_date":"2025-03-10","ride_time":"08:40","pickup":"pav_bukit_jalil","dropoff":"sri_petaling"}]
Checking conflict for: Date=2025-03-10, Time=10:05:00
Conflicts Found: [{"ride_id":99,"ride_date":"2025-03-10","ride_time":"08:15","pickup":"sri_petaling","dropoff":"pav_bukit_jalil"}]
Checking conflict for: Date=2025-03-10, Time=06:00:00
Conflicts Found: []
Checking conflict for: Date=2025-03-10, Time=07:00:00
Conflicts Found: [{"ride_id":105,"ride_date":"2025-03-10","ride_time":"06:00","pickup":"apu","dropoff":"pav_bukit_jalil"}]
Checking conflict for: Date=2025-03-10, Time=07:00:00
Conflicts Found: [{"ride_id":105,"ride_date":"2025-03-10","ride_time":"07:00","pickup":"lrt_bukit_jalil","dropoff":"apu"}]
Checking conflict for: Date=2025-03-10, Time=08:15:00
Conflicts Found: [{"ride_id":99,"ride_date":"2025-03-10","ride_time":"10:05","pickup":"sri_petaling","dropoff":"apu"},{"ride_id":105,"ride_date":"2025-03-10","ride_time":"07:00","pickup":"lrt_bukit_jalil","dropoff":"pav_bukit_jalil"}]
Checking conflict for: Date=2025-03-10, Time=07:00:00
Conflicts Found: [{"ride_id":105,"ride_date":"2025-03-10","ride_time":"07:00","pickup":"lrt_bukit_jalil","dropoff":"pav_bukit_jalil"}]
Checking conflict for: Date=2025-03-10, Time=08:00:00
Conflicts Found: [{"ride_id":99,"ride_date":"2025-03-10","ride_time":"09:00","pickup":"sri_petaling","dropoff":"apu"},{"ride_id":105,"ride_date":"2025-03-10","ride_time":"07:00","pickup":"lrt_bukit_jalil","dropoff":"pav_bukit_jalil"}]
Checking conflict for: Date=2025-03-10, Time=08:05:00
Conflicts Found: [{"ride_id":99,"ride_date":"2025-03-10","ride_time":"09:00","pickup":"sri_petaling","dropoff":"apu"},{"ride_id":105,"ride_date":"2025-03-10","ride_time":"07:00","pickup":"lrt_bukit_jalil","dropoff":"pav_bukit_jalil"}]
Checking conflict for: Date=2025-03-10, Time=08:00:00
Conflicts Found: [{"ride_id":99,"ride_date":"2025-03-10","ride_time":"09:00","pickup":"sri_petaling","dropoff":"apu"},{"ride_id":105,"ride_date":"2025-03-10","ride_time":"07:00","pickup":"lrt_bukit_jalil","dropoff":"pav_bukit_jalil"}]
Checking conflict for: Date=2025-03-14, Time=09:25:00
Conflicts Found: []
Checking conflict for: Date=2025-03-16, Time=12:05:00
Conflicts Found: []
Checking conflict for: Date=2025-03-12, Time=20:15:00
Conflicts Found: []
Checking conflict for: Date=2025-03-10, Time=20:10:00
Conflicts Found: []
Checking conflict for: Date=2025-03-12, Time=21:10:00
Conflicts Found: [{"ride_id":108,"ride_date":"2025-03-12","ride_time":"20:15","pickup":"lrt_bukit_jalil","dropoff":"apu"}]
Checking conflict for: Date=2025-03-12, Time=09:25:00
Conflicts Found: []
Checking conflict for: Date=2025-03-13, Time=13:35:00
Conflicts Found: []
Checking conflict for: Date=2025-03-13, Time=13:35:00
Conflicts Found: []
Checking conflict for: Date=2025-03-13, Time=13:35:00
Conflicts Found: []
Checking conflict for: Date=2025-03-13, Time=12:10:00
Conflicts Found: []
Checking conflict for: Date=2025-03-14, Time=11:45:00
Conflicts Found: []
Checking conflict for: Date=2025-03-14, Time=11:30:00
Conflicts Found: []
Checking conflict for: Date=2025-03-15, Time=10:10:00
Conflicts Found: []
Checking conflict for: Date=2025-03-16, Time=11:00:00
Conflicts Found: [{"ride_id":107,"ride_date":"2025-03-16","ride_time":"12:05","pickup":"sri_petaling","dropoff":"apu"}]
Checking conflict for: Date=2025-03-16, Time=10:05:00
Conflicts Found: [{"ride_id":107,"ride_date":"2025-03-16","ride_time":"11:00","pickup":"lrt_bukit_jalil","dropoff":"sri_petaling"}]
Checking conflict for: Date=2025-03-16, Time=09:05:00
Conflicts Found: [{"ride_id":107,"ride_date":"2025-03-16","ride_time":"10:05","pickup":"apu","dropoff":"pav_bukit_jalil"}]
Checking conflict for: Date=2025-03-16, Time=09:00:00
Conflicts Found: [{"ride_id":107,"ride_date":"2025-03-16","ride_time":"09:05","pickup":"lrt_bukit_jalil","dropoff":"pav_bukit_jalil"}]
Checking conflict for: Date=2025-03-11, Time=08:00:00
Conflicts Found: [{"ride_id":100,"ride_date":"2025-03-11","ride_time":"08:00","pickup":"apu","dropoff":"lrt_bukit_jalil"}]
Checking conflict for: Date=2025-03-11, Time=08:00:00
Conflicts Found: [{"ride_id":100,"ride_date":"2025-03-11","ride_time":"08:00","pickup":"apu","dropoff":"lrt_bukit_jalil"}]
Checking conflict for: Date=2025-03-11, Time=09:15:00
Conflicts Found: [{"ride_id":100,"ride_date":"2025-03-11","ride_time":"08:00","pickup":"apu","dropoff":"lrt_bukit_jalil"}]
Checking conflict for: Date=2025-03-11, Time=09:00:00
Conflicts Found: [{"ride_id":100,"ride_date":"2025-03-11","ride_time":"08:00","pickup":"apu","dropoff":"lrt_bukit_jalil"}]
Checking conflict for: Date=2025-03-11, Time=07:15:00
Conflicts Found: [{"ride_id":100,"ride_date":"2025-03-11","ride_time":"08:00","pickup":"apu","dropoff":"lrt_bukit_jalil"}]
Checking conflict for: Date=2025-03-11, Time=08:15:00
Conflicts Found: [{"ride_id":100,"ride_date":"2025-03-11","ride_time":"08:00","pickup":"apu","dropoff":"lrt_bukit_jalil"}]
Checking conflict for: Date=2025-03-11, Time=08:10:00
Conflicts Found: [{"ride_id":100,"ride_date":"2025-03-11","ride_time":"08:00","pickup":"apu","dropoff":"lrt_bukit_jalil"}]
Checking conflict for: Date=2025-03-11, Time=08:00:00
Conflicts Found: [{"ride_id":100,"ride_date":"2025-03-11","ride_time":"08:00","pickup":"apu","dropoff":"lrt_bukit_jalil"}]
Checking conflict for: Date=2025-03-22, Time=08:00:00
Conflicts Found: []
Checking conflict for: Date=2025-03-12, Time=10:00:00
Conflicts Found: [{"ride_id":110,"ride_date":"2025-03-12","ride_time":"09:25","pickup":"apu","dropoff":"lrt_bukit_jalil"}]
Checking conflict for: Date=2025-03-12, Time=08:00:00
Conflicts Found: [{"ride_id":110,"ride_date":"2025-03-12","ride_time":"09:25","pickup":"apu","dropoff":"lrt_bukit_jalil"}]
Checking conflict for: Date=2025-03-12, Time=08:00:00
Conflicts Found: [{"ride_id":110,"ride_date":"2025-03-12","ride_time":"09:25","pickup":"apu","dropoff":"lrt_bukit_jalil"}]
Checking conflict for: Date=2025-03-12, Time=08:05:00
Conflicts Found: [{"ride_id":110,"ride_date":"2025-03-12","ride_time":"09:25","pickup":"apu","dropoff":"lrt_bukit_jalil"}]
Checking conflict for: Date=2025-03-12, Time=07:10:00
Conflicts Found: []
Checking conflict for: Date=2025-03-12, Time=08:10:00
Conflicts Found: [{"ride_id":110,"ride_date":"2025-03-12","ride_time":"09:25","pickup":"apu","dropoff":"lrt_bukit_jalil"}]
Checking conflict for: Date=2025-03-12, Time=09:05:00
Conflicts Found: [{"ride_id":110,"ride_date":"2025-03-12","ride_time":"09:25","pickup":"apu","dropoff":"lrt_bukit_jalil"}]
Checking conflict for: Date=2025-03-12, Time=08:05:00
Conflicts Found: [{"ride_id":110,"ride_date":"2025-03-12","ride_time":"09:25","pickup":"apu","dropoff":"lrt_bukit_jalil"}]
Checking conflict for: Date=2025-03-12, Time=08:00:00
Conflicts Found: [{"ride_id":110,"ride_date":"2025-03-12","ride_time":"09:25","pickup":"apu","dropoff":"lrt_bukit_jalil"}]
Checking conflict for: Date=2025-03-12, Time=08:00:00
Conflicts Found: [{"ride_id":110,"ride_date":"2025-03-12","ride_time":"09:25","pickup":"apu","dropoff":"lrt_bukit_jalil"}]
Checking conflict for: Date=2025-03-12, Time=08:00:00
Conflicts Found: [{"ride_id":110,"ride_date":"2025-03-12","ride_time":"09:25","pickup":"apu","dropoff":"lrt_bukit_jalil"}]
Checking conflict for: Date=2025-03-12, Time=08:00:00
Conflicts Found: [{"ride_id":110,"ride_date":"2025-03-12","ride_time":"09:25","pickup":"apu","dropoff":"lrt_bukit_jalil"}]
Checking conflict for: Date=2025-03-15, Time=21:05:00
Conflicts Found: []
Checking conflict for: Date=2025-03-16, Time=08:05:00
Conflicts Found: []
Checking conflict for: Date=2025-03-16, Time=10:05:00
Conflicts Found: [{"ride_id":119,"ride_date":"2025-03-16","ride_time":"08:05","pickup":"apu","dropoff":"lrt_bukit_jalil"}]
Checking conflict for: Date=2025-03-16, Time=10:20:00
Conflicts Found: []
Checking conflict for: Date=2025-03-16, Time=10:25:00
Conflicts Found: []
Checking conflict for: Date=2025-03-16, Time=10:15:00
Conflicts Found: []
Checking conflict for: Date=2025-03-15, Time=10:00:00
Conflicts Found: []
Checking conflict for: Date=2025-03-16, Time=09:00:00
Conflicts Found: [{"ride_id":119,"ride_date":"2025-03-16","ride_time":"08:05","pickup":"apu","dropoff":"lrt_bukit_jalil"},{"ride_id":120,"ride_date":"2025-03-16","ride_time":"10:15","pickup":"apu","dropoff":"pav_bukit_jalil"}]
Checking conflict for: Date=2025-03-16, Time=09:00:00
Conflicts Found: [{"ride_id":119,"ride_date":"2025-03-16","ride_time":"08:05","pickup":"apu","dropoff":"lrt_bukit_jalil"},{"ride_id":120,"ride_date":"2025-03-16","ride_time":"10:15","pickup":"apu","dropoff":"pav_bukit_jalil"}]
Checking conflict for: Date=2025-03-16, Time=09:00:00
Conflicts Found: [{"ride_id":119,"ride_date":"2025-03-16","ride_time":"08:05","pickup":"apu","dropoff":"lrt_bukit_jalil"},{"ride_id":120,"ride_date":"2025-03-16","ride_time":"10:15","pickup":"apu","dropoff":"pav_bukit_jalil"}]
Checking conflict for: Date=2025-03-16, Time=09:05:00
Conflicts Found: [{"ride_id":119,"ride_date":"2025-03-16","ride_time":"08:05","pickup":"apu","dropoff":"lrt_bukit_jalil"},{"ride_id":120,"ride_date":"2025-03-16","ride_time":"10:15","pickup":"apu","dropoff":"pav_bukit_jalil"}]
Checking conflict for: Date=2025-03-16, Time=09:00:00
Conflicts Found: [{"ride_id":119,"ride_date":"2025-03-16","ride_time":"08:05","pickup":"apu","dropoff":"lrt_bukit_jalil"},{"ride_id":120,"ride_date":"2025-03-16","ride_time":"10:15","pickup":"apu","dropoff":"pav_bukit_jalil"}]
Checking conflict for: Date=2025-03-16, Time=09:00:00
Conflicts Found: [{"ride_id":119,"ride_date":"2025-03-16","ride_time":"08:05","pickup":"apu","dropoff":"lrt_bukit_jalil"},{"ride_id":120,"ride_date":"2025-03-16","ride_time":"10:15","pickup":"apu","dropoff":"pav_bukit_jalil"}]
Checking conflict for: Date=2025-03-16, Time=09:00:00
Conflicts Found: [{"ride_id":119,"ride_date":"2025-03-16","ride_time":"08:05","pickup":"apu","dropoff":"lrt_bukit_jalil"},{"ride_id":120,"ride_date":"2025-03-16","ride_time":"10:15","pickup":"apu","dropoff":"pav_bukit_jalil"}]
Checking conflict for: Date=2025-03-16, Time=09:00:00
Conflicts Found: [{"ride_id":119,"ride_date":"2025-03-16","ride_time":"08:05","pickup":"apu","dropoff":"lrt_bukit_jalil"},{"ride_id":120,"ride_date":"2025-03-16","ride_time":"10:15","pickup":"apu","dropoff":"pav_bukit_jalil"}]
Checking conflict for: Date=2025-03-16, Time=09:10:00
Conflicts Found: [{"ride_id":119,"ride_date":"2025-03-16","ride_time":"08:05","pickup":"apu","dropoff":"lrt_bukit_jalil"},{"ride_id":120,"ride_date":"2025-03-16","ride_time":"10:15","pickup":"apu","dropoff":"pav_bukit_jalil"}]
Checking conflict for: Date=2025-03-16, Time=07:00:00
Conflicts Found: [{"ride_id":119,"ride_date":"2025-03-16","ride_time":"08:05","pickup":"apu","dropoff":"lrt_bukit_jalil"}]
Checking conflict for: Date=2025-03-28, Time=09:05:00
Conflicts Found: []
Checking conflict for: Date=2025-03-26, Time=08:00:00
Conflicts Found: []
Checking conflict for: Date=2025-03-26, Time=09:15:00
Conflicts Found: [{"ride_id":123,"ride_date":"2025-03-26","ride_time":"08:00","pickup":"pav_bukit_jalil","dropoff":"lrt_bukit_jalil"}]
Checking conflict for: Date=2025-04-06, Time=09:05:00
Conflicts Found: []
Checking conflict for: Date=2025-03-27, Time=09:00:00
Conflicts Found: []
Checking conflict for: Date=2025-03-28, Time=10:00:00
Conflicts Found: []
Checking conflict for: Date=2025-03-27, Time=08:00:00
Conflicts Found: [{"ride_id":125,"ride_date":"2025-03-27","ride_time":"09:00","pickup":"pav_bukit_jalil","dropoff":"lrt_bukit_jalil"}]
Checking conflict for: Date=2025-03-27, Time=07:00:00
Conflicts Found: [{"ride_id":125,"ride_date":"2025-03-27","ride_time":"09:00","pickup":"pav_bukit_jalil","dropoff":"lrt_bukit_jalil"}]
Checking conflict for: Date=2025-03-27, Time=08:00:00
Conflicts Found: []
Checking conflict for: Date=2025-03-27, Time=07:05:00
Conflicts Found: []
Checking conflict for: Date=2025-03-27, Time=07:00:00
Conflicts Found: [{"ride_id":127,"ride_date":"2025-03-27","ride_time":"08:00","pickup":"lrt_bukit_jalil","dropoff":"apu"},{"ride_id":128,"ride_date":"2025-03-27","ride_time":"07:05","pickup":"lrt_bukit_jalil","dropoff":"apu"}]
Checking conflict for: Date=2025-03-27, Time=10:00:00
Conflicts Found: [{"ride_id":127,"ride_date":"2025-03-27","ride_time":"08:00","pickup":"lrt_bukit_jalil","dropoff":"apu"}]
Checking conflict for: Date=2025-03-27, Time=10:00:00
Conflicts Found: [{"ride_id":127,"ride_date":"2025-03-27","ride_time":"08:00","pickup":"lrt_bukit_jalil","dropoff":"apu"}]
Checking conflict for: Date=2025-03-27, Time=08:05:00
Conflicts Found: [{"ride_id":127,"ride_date":"2025-03-27","ride_time":"08:00","pickup":"lrt_bukit_jalil","dropoff":"apu"},{"ride_id":128,"ride_date":"2025-03-27","ride_time":"07:05","pickup":"lrt_bukit_jalil","dropoff":"apu"}]
Checking conflict for: Date=2025-03-27, Time=11:05:00
Conflicts Found: []
Checking conflict for: Date=2025-04-30, Time=08:05:00
Conflicts Found: []
Checking conflict for: Date=2025-04-30, Time=09:05:00
Conflicts Found: [{"ride_id":127,"ride_date":"2025-04-30","ride_time":"08:05","pickup":"apu","dropoff":"lrt_bukit_jalil"}]
Checking conflict for: Date=2025-04-30, Time=12:00:00
Conflicts Found: []
Checking conflict for: Date=2025-03-31, Time=08:00:00
Conflicts Found: []
Checking conflict for: Date=2025-03-30, Time=09:05:00
Conflicts Found: []
Checking conflict for: Date=2025-03-30, Time=08:00:00
Conflicts Found: []
Checking conflict for: Date=2025-03-30, Time=07:00:00
Conflicts Found: []
Checking conflict for: Date=2025-04-06, Time=10:00:00
Conflicts Found: []
Checking conflict for: Date=2025-04-01, Time=07:00:00
Conflicts Found: []
Checking conflict for: Date=2025-03-30, Time=06:00:00
Conflicts Found: []
Checking conflict for: Date=2025-03-30, Time=19:00:00
Conflicts Found: []
Checking conflict for: Date=2025-03-30, Time=19:00:00
Conflicts Found: []
Checking conflict for: Date=2025-03-30, Time=18:20:00
Conflicts Found: []
Checking conflict for: Date=2025-03-30, Time=19:30:00
Conflicts Found: []
Checking conflict for: Date=2025-03-30, Time=19:40:00
Conflicts Found: [{"ride_id":134,"ride_date":"2025-03-30","ride_time":"19:30","pickup":"apu","dropoff":"sri_petaling"}]
Checking conflict for: Date=2025-03-30, Time=20:00:00
Conflicts Found: [{"ride_id":134,"ride_date":"2025-03-30","ride_time":"19:40","pickup":"apu","dropoff":"sri_petaling"}]
Checking conflict for: Date=2025-03-30, Time=20:00:00
Conflicts Found: [{"ride_id":134,"ride_date":"2025-03-30","ride_time":"19:40","pickup":"apu","dropoff":"sri_petaling"}]
Checking conflict for: Date=2025-03-30, Time=20:00:00
Conflicts Found: [{"ride_id":134,"ride_date":"2025-03-30","ride_time":"19:40","pickup":"apu","dropoff":"sri_petaling"}]
Checking conflict for: Date=2025-03-30, Time=20:00:00
Conflicts Found: [{"ride_id":134,"ride_date":"2025-03-30","ride_time":"19:40","pickup":"apu","dropoff":"sri_petaling"}]
Checking conflict for: Date=2025-03-30, Time=20:00:00
Conflicts Found: [{"ride_id":134,"ride_date":"2025-03-30","ride_time":"20:00","pickup":"apu","dropoff":"sri_petaling"}]
Checking conflict for: Date=2025-03-30, Time=20:30:00
Conflicts Found: [{"ride_id":134,"ride_date":"2025-03-30","ride_time":"20:00","pickup":"apu","dropoff":"sri_petaling"}]
Checking conflict for: Date=2025-03-31, Time=20:00:00
Conflicts Found: []
Checking conflict for: Date=2025-04-06, Time=08:00:00
Conflicts Found: [{"ride_id":124,"ride_date":"2025-04-06","ride_time":"10:00","pickup":"lrt_bukit_jalil","dropoff":"pav_bukit_jalil"}]
Checking conflict for: Date=2025-04-04, Time=08:00:00
Conflicts Found: []
Checking conflict for: Date=2025-04-06, Time=07:00:00
Conflicts Found: [{"ride_id":124,"ride_date":"2025-04-06","ride_time":"08:00","pickup":"apu","dropoff":"pav_bukit_jalil"}]
Checking conflict for: Date=2025-03-31, Time=06:05:00
Conflicts Found: []
Checking conflict for: Date=2025-04-01, Time=06:00:00
Conflicts Found: [{"ride_id":125,"ride_date":"2025-04-01","ride_time":"07:00","pickup":"sri_petaling","dropoff":"apu"}]
Checking conflict for: Date=2025-04-01, Time=07:00:00
Conflicts Found: [{"ride_id":125,"ride_date":"2025-04-01","ride_time":"07:00","pickup":"sri_petaling","dropoff":"apu"}]
Checking conflict for: Date=2025-04-05, Time=06:00:00
Conflicts Found: []
Checking conflict for: Date=2025-04-02, Time=09:00:00
Conflicts Found: []
Checking conflict for: Date=2025-04-03, Time=07:00:00
Conflicts Found: []
Checking conflict for: Date=2025-03-31, Time=07:00:00
Conflicts Found: []
Checking conflict for: Date=2025-03-30, Time=07:30:00
Conflicts Found: []
Checking conflict for: Date=2025-03-30, Time=13:45:00
Conflicts Found: []
Checking conflict for: Date=2025-03-30, Time=12:00:00
Conflicts Found: [{"ride_id":125,"ride_date":"2025-03-30","ride_time":"13:45","pickup":"pav_bukit_jalil","dropoff":"apu"}]
Checking conflict for: Date=2025-03-30, Time=09:30:00
Conflicts Found: [{"ride_id":124,"ride_date":"2025-03-30","ride_time":"07:30","pickup":"lrt_bukit_jalil","dropoff":"apu"}]
Checking conflict for: Date=2025-03-30, Time=10:00:00
Conflicts Found: []
Checking conflict for: Date=2025-04-02, Time=07:00:00
Conflicts Found: []
Checking conflict for: Date=2025-04-03, Time=09:00:00
Conflicts Found: []
Checking conflict for: Date=2025-04-04, Time=12:00:00
Conflicts Found: []
Checking conflict for: Date=2025-04-05, Time=10:15:00
Conflicts Found: []
Checking conflict for: Date=2025-04-01, Time=18:00:00
Conflicts Found: []
Checking conflict for: Date=2025-04-04, Time=21:00:00
Conflicts Found: []
Checking conflict for: Date=2025-04-02, Time=21:25:00
Conflicts Found: []
Checking conflict for: Date=2025-03-31, Time=10:00:00
Conflicts Found: []
